<?xml version="1.0" encoding="UTF-8" ?>
<testsuite tests="15" failures="0" name="es.uma.informatica.sii.ejb.practica.SampleTest" time="34.049" errors="0" skipped="0">
  <properties>
    <property name="java.runtime.name" value="OpenJDK Runtime Environment"/>
    <property name="java.vm.version" value="11.0.11+9-Ubuntu-0ubuntu2.20.04"/>
    <property name="sun.boot.library.path" value="/usr/lib/jvm/java-11-openjdk-amd64/lib"/>
    <property name="maven.multiModuleProjectDirectory" value="/mnt/c/Users/Rafael/Desktop/p32"/>
    <property name="java.vm.vendor" value="Ubuntu"/>
    <property name="java.vendor.url" value="https://ubuntu.com/"/>
    <property name="guice.disable.misplaced.annotation.check" value="true"/>
    <property name="path.separator" value=":"/>
    <property name="java.vm.name" value="OpenJDK 64-Bit Server VM"/>
    <property name="sun.os.patch.level" value="unknown"/>
    <property name="sun.java.launcher" value="SUN_STANDARD"/>
    <property name="java.vm.specification.name" value="Java Virtual Machine Specification"/>
    <property name="user.dir" value="/mnt/c/Users/Rafael/Desktop/p32"/>
    <property name="java.vm.compressedOopsMode" value="Zero based"/>
    <property name="java.runtime.version" value="11.0.11+9-Ubuntu-0ubuntu2.20.04"/>
    <property name="java.awt.graphicsenv" value="sun.awt.X11GraphicsEnvironment"/>
    <property name="os.arch" value="amd64"/>
    <property name="java.io.tmpdir" value="/tmp"/>
    <property name="line.separator" value="
"/>
    <property name="java.vm.specification.vendor" value="Oracle Corporation"/>
    <property name="os.name" value="Linux"/>
    <property name="classworlds.conf" value="/usr/share/maven/bin/m2.conf"/>
    <property name="sun.jnu.encoding" value="UTF-8"/>
    <property name="java.library.path" value="/usr/java/packages/lib:/usr/lib/x86_64-linux-gnu/jni:/lib/x86_64-linux-gnu:/usr/lib/x86_64-linux-gnu:/usr/lib/jni:/lib:/usr/lib"/>
    <property name="maven.conf" value="/usr/share/maven/conf"/>
    <property name="jdk.debug" value="release"/>
    <property name="java.class.version" value="55.0"/>
    <property name="java.specification.name" value="Java Platform API Specification"/>
    <property name="sun.management.compiler" value="HotSpot 64-Bit Tiered Compilers"/>
    <property name="os.version" value="5.4.72-microsoft-standard-WSL2"/>
    <property name="library.jansi.path" value="/usr/share/maven/lib/jansi-native"/>
    <property name="user.home" value="/home/rafael"/>
    <property name="user.timezone" value="Europe/Madrid"/>
    <property name="java.awt.printerjob" value="sun.print.PSPrinterJob"/>
    <property name="file.encoding" value="UTF-8"/>
    <property name="java.specification.version" value="11"/>
    <property name="user.name" value="rafael"/>
    <property name="java.class.path" value="/usr/share/maven/boot/plexus-classworlds-2.x.jar"/>
    <property name="java.vm.specification.version" value="11"/>
    <property name="sun.arch.data.model" value="64"/>
    <property name="sun.java.command" value="org.codehaus.plexus.classworlds.launcher.Launcher package"/>
    <property name="java.home" value="/usr/lib/jvm/java-11-openjdk-amd64"/>
    <property name="user.language" value="en"/>
    <property name="java.specification.vendor" value="Oracle Corporation"/>
    <property name="awt.toolkit" value="sun.awt.X11.XToolkit"/>
    <property name="java.vm.info" value="mixed mode, sharing"/>
    <property name="java.version" value="11.0.11"/>
    <property name="securerandom.source" value="file:/dev/./urandom"/>
    <property name="java.vendor" value="Ubuntu"/>
    <property name="maven.home" value="/usr/share/maven"/>
    <property name="file.separator" value="/"/>
    <property name="java.version.date" value="2021-04-20"/>
    <property name="java.vendor.url.bug" value="https://bugs.launchpad.net/ubuntu/+source/openjdk-lts"/>
    <property name="sun.io.unicode.encoding" value="UnicodeLittle"/>
    <property name="sun.cpu.endian" value="little"/>
    <property name="sun.cpu.isalist" value=""/>
  </properties>
  <testcase classname="es.uma.informatica.sii.ejb.practica.SampleTest" name="testInsertarLote" time="2.448"/>
  <testcase classname="es.uma.informatica.sii.ejb.practica.SampleTest" name="testInsertarLoteExistente" time="2.277"/>
  <testcase classname="es.uma.informatica.sii.ejb.practica.SampleTest" name="testEliminarLoteProductoNoEncontrado" time="2.293"/>
  <testcase classname="es.uma.informatica.sii.ejb.practica.SampleTest" name="testActualizarLote" time="2.208"/>
  <testcase classname="es.uma.informatica.sii.ejb.practica.SampleTest" name="testEliminarLoteNoEncontrado" time="2.302"/>
  <testcase classname="es.uma.informatica.sii.ejb.practica.SampleTest" name="testObtenerLotesProductoNoEncontrado" time="2.223"/>
  <testcase classname="es.uma.informatica.sii.ejb.practica.SampleTest" name="testActualizarLoteIngredientesIncorrectos" time="2.246"/>
  <testcase classname="es.uma.informatica.sii.ejb.practica.SampleTest" name="testActualizarLoteoNoEncontrado" time="2.24"/>
  <testcase classname="es.uma.informatica.sii.ejb.practica.SampleTest" name="testActualizarLoteProductoNoEncontrado" time="2.243"/>
  <testcase classname="es.uma.informatica.sii.ejb.practica.SampleTest" name="testObtenerLotes" time="2.282"/>
  <testcase classname="es.uma.informatica.sii.ejb.practica.SampleTest" name="testEliminarTodosLotes" time="2.305"/>
  <testcase classname="es.uma.informatica.sii.ejb.practica.SampleTest" name="testInsertarLoteIngredientesIncorrectos" time="2.148"/>
  <testcase classname="es.uma.informatica.sii.ejb.practica.SampleTest" name="testEliminarLote" time="2.29"/>
  <testcase classname="es.uma.informatica.sii.ejb.practica.SampleTest" name="testInsertarLoteProductoNoEncontrado" time="2.257"/>
  <testcase classname="es.uma.informatica.sii.ejb.practica.SampleTest" name="testEliminarTodosLotesProductoNoEncontrado" time="2.287"/>
</testsuite>